# JRE version: Java(TM) SE Runtime Environment (8.0_212-b10) (build 1.8.0_212-b10)
# Java VM: Java HotSpot(TM) 64-Bit Server VM (25.212-b10 mixed mode bsd-amd64 compressed oops)
Heap:
 PSYoungGen      total 113664K, used 16800K [0x0000000795580000, 0x00000007afc00000, 0x00000007c0000000)
  eden space 112128K, 14% used [0x0000000795580000,0x00000007964e0090,0x000000079c300000)
  from space 1536K, 68% used [0x00000007af600000,0x00000007af708000,0x00000007af780000)
  to   space 3584K, 0% used [0x00000007af880000,0x00000007af880000,0x00000007afc00000)
 ParOldGen       total 132608K, used 59717K [0x0000000740000000, 0x0000000748180000, 0x0000000795580000)
  object space 132608K, 45% used [0x0000000740000000,0x0000000743a514d0,0x0000000748180000)
 Metaspace       used 62072K, capacity 63840K, committed 64128K, reserved 1105920K
  class space    used 8163K, capacity 8521K, committed 8576K, reserved 1048576K
GC Heap History (10 events):
Event: 12250.702 GC heap before
{Heap before GC invocations=58 (full 3):
 PSYoungGen      total 132096K, used 131872K [0x0000000795580000, 0x00000007b0380000, 0x00000007c0000000)
  eden space 131072K, 100% used [0x0000000795580000,0x000000079d580000,0x000000079d580000)
  from space 1024K, 78% used [0x00000007b0280000,0x00000007b0348000,0x00000007b0380000)
  to   space 4608K, 0% used [0x00000007afa80000,0x00000007afa80000,0x00000007aff00000)
 ParOldGen       total 132608K, used 59420K [0x0000000740000000, 0x0000000748180000, 0x0000000795580000)
  object space 132608K, 44% used [0x0000000740000000,0x0000000743a070d8,0x0000000748180000)
 Metaspace       used 61677K, capacity 63496K, committed 63616K, reserved 1103872K
  class space    used 8152K, capacity 8517K, committed 8576K, reserved 1048576K
Event: 12250.744 GC heap after
Heap after GC invocations=58 (full 3):
 PSYoungGen      total 131584K, used 704K [0x0000000795580000, 0x00000007b0300000, 0x00000007c0000000)
  eden space 126976K, 0% used [0x0000000795580000,0x0000000795580000,0x000000079d180000)
  from space 4608K, 15% used [0x00000007afa80000,0x00000007afb30000,0x00000007aff00000)
  to   space 4096K, 0% used [0x00000007aff00000,0x00000007aff00000,0x00000007b0300000)
 ParOldGen       total 132608K, used 59548K [0x0000000740000000, 0x0000000748180000, 0x0000000795580000)
  object space 132608K, 44% used [0x0000000740000000,0x0000000743a270d8,0x0000000748180000)
 Metaspace       used 61677K, capacity 63496K, committed 63616K, reserved 1103872K
  class space    used 8152K, capacity 8517K, committed 8576K, reserved 1048576K
}
Event: 12394.493 GC heap before
{Heap before GC invocations=59 (full 3):
 PSYoungGen      total 131584K, used 127680K [0x0000000795580000, 0x00000007b0300000, 0x00000007c0000000)
  eden space 126976K, 100% used [0x0000000795580000,0x000000079d180000,0x000000079d180000)
  from space 4608K, 15% used [0x00000007afa80000,0x00000007afb30000,0x00000007aff00000)
  to   space 4096K, 0% used [0x00000007aff00000,0x00000007aff00000,0x00000007b0300000)
 ParOldGen       total 132608K, used 59548K [0x0000000740000000, 0x0000000748180000, 0x0000000795580000)
  object space 132608K, 44% used [0x0000000740000000,0x0000000743a270d8,0x0000000748180000)
 Metaspace       used 61810K, capacity 63636K, committed 63872K, reserved 1103872K
  class space    used 8153K, capacity 8519K, committed 8576K, reserved 1048576K
Event: 12394.519 GC heap after
Heap after GC invocations=59 (full 3):
 PSYoungGen      total 123904K, used 896K [0x0000000795580000, 0x00000007b0000000, 0x00000007c0000000)
  eden space 122880K, 0% used [0x0000000795580000,0x0000000795580000,0x000000079cd80000)
  from space 1024K, 87% used [0x00000007aff00000,0x00000007affe0000,0x00000007b0000000)
  to   space 4096K, 0% used [0x00000007af800000,0x00000007af800000,0x00000007afc00000)
 ParOldGen       total 132608K, used 59588K [0x0000000740000000, 0x0000000748180000, 0x0000000795580000)
  object space 132608K, 44% used [0x0000000740000000,0x0000000743a310d8,0x0000000748180000)
 Metaspace       used 61810K, capacity 63636K, committed 63872K, reserved 1103872K
  class space    used 8153K, capacity 8519K, committed 8576K, reserved 1048576K
}
Event: 12541.398 GC heap before
{Heap before GC invocations=60 (full 3):
 PSYoungGen      total 123904K, used 123776K [0x0000000795580000, 0x00000007b0000000, 0x00000007c0000000)
  eden space 122880K, 100% used [0x0000000795580000,0x000000079cd80000,0x000000079cd80000)
  from space 1024K, 87% used [0x00000007aff00000,0x00000007affe0000,0x00000007b0000000)
  to   space 4096K, 0% used [0x00000007af800000,0x00000007af800000,0x00000007afc00000)
 ParOldGen       total 132608K, used 59588K [0x0000000740000000, 0x0000000748180000, 0x0000000795580000)
  object space 132608K, 44% used [0x0000000740000000,0x0000000743a310d8,0x0000000748180000)
 Metaspace       used 61987K, capacity 63764K, committed 63872K, reserved 1103872K
  class space    used 8153K, capacity 8519K, committed 8576K, reserved 1048576K
Event: 12541.426 GC heap after
Heap after GC invocations=60 (full 3):
 PSYoungGen      total 120320K, used 896K [0x0000000795580000, 0x00000007aff80000, 0x00000007c0000000)
  eden space 119296K, 0% used [0x0000000795580000,0x0000000795580000,0x000000079ca00000)
  from space 1024K, 87% used [0x00000007af800000,0x00000007af8e0000,0x00000007af900000)
  to   space 4096K, 0% used [0x00000007afb80000,0x00000007afb80000,0x00000007aff80000)
 ParOldGen       total 132608K, used 59669K [0x0000000740000000, 0x0000000748180000, 0x0000000795580000)
  object space 132608K, 44% used [0x0000000740000000,0x0000000743a454d0,0x0000000748180000)
 Metaspace       used 61987K, capacity 63764K, committed 63872K, reserved 1103872K
  class space    used 8153K, capacity 8519K, committed 8576K, reserved 1048576K
}
Event: 12696.505 GC heap before
{Heap before GC invocations=61 (full 3):
 PSYoungGen      total 120320K, used 120192K [0x0000000795580000, 0x00000007aff80000, 0x00000007c0000000)
  eden space 119296K, 100% used [0x0000000795580000,0x000000079ca00000,0x000000079ca00000)
  from space 1024K, 87% used [0x00000007af800000,0x00000007af8e0000,0x00000007af900000)
  to   space 4096K, 0% used [0x00000007afb80000,0x00000007afb80000,0x00000007aff80000)
 ParOldGen       total 132608K, used 59669K [0x0000000740000000, 0x0000000748180000, 0x0000000795580000)
  object space 132608K, 44% used [0x0000000740000000,0x0000000743a454d0,0x0000000748180000)
 Metaspace       used 62022K, capacity 63828K, committed 64128K, reserved 1105920K
  class space    used 8157K, capacity 8519K, committed 8576K, reserved 1048576K
Event: 12696.521 GC heap after
Heap after GC invocations=61 (full 3):
 PSYoungGen      total 117248K, used 1056K [0x0000000795580000, 0x00000007afd00000, 0x00000007c0000000)
  eden space 115712K, 0% used [0x0000000795580000,0x0000000795580000,0x000000079c680000)
  from space 1536K, 68% used [0x00000007afb80000,0x00000007afc88000,0x00000007afd00000)
  to   space 3584K, 0% used [0x00000007af600000,0x00000007af600000,0x00000007af980000)
 ParOldGen       total 132608K, used 59677K [0x0000000740000000, 0x0000000748180000, 0x0000000795580000)
  object space 132608K, 45% used [0x0000000740000000,0x0000000743a474d0,0x0000000748180000)
 Metaspace       used 62022K, capacity 63828K, committed 64128K, reserved 1105920K
  class space    used 8157K, capacity 8519K, committed 8576K, reserved 1048576K
}
Event: 12860.004 GC heap before
{Heap before GC invocations=62 (full 3):
 PSYoungGen      total 117248K, used 116768K [0x0000000795580000, 0x00000007afd00000, 0x00000007c0000000)
  eden space 115712K, 100% used [0x0000000795580000,0x000000079c680000,0x000000079c680000)
  from space 1536K, 68% used [0x00000007afb80000,0x00000007afc88000,0x00000007afd00000)
  to   space 3584K, 0% used [0x00000007af600000,0x00000007af600000,0x00000007af980000)
 ParOldGen       total 132608K, used 59677K [0x0000000740000000, 0x0000000748180000, 0x0000000795580000)
  object space 132608K, 45% used [0x0000000740000000,0x0000000743a474d0,0x0000000748180000)
 Metaspace       used 62043K, capacity 63840K, committed 64128K, reserved 1105920K
  class space    used 8158K, capacity 8521K, committed 8576K, reserved 1048576K
Event: 12860.024 GC heap after
Heap after GC invocations=62 (full 3):
 PSYoungGen      total 113664K, used 1056K [0x0000000795580000, 0x00000007afc00000, 0x00000007c0000000)
  eden space 112128K, 0% used [0x0000000795580000,0x0000000795580000,0x000000079c300000)
  from space 1536K, 68% used [0x00000007af600000,0x00000007af708000,0x00000007af780000)
  to   space 3584K, 0% used [0x00000007af880000,0x00000007af880000,0x00000007afc00000)
 ParOldGen       total 132608K, used 59717K [0x0000000740000000, 0x0000000748180000, 0x0000000795580000)
  object space 132608K, 45% used [0x0000000740000000,0x0000000743a514d0,0x0000000748180000)
 Metaspace       used 62043K, capacity 63840K, committed 64128K, reserved 1105920K
  class space    used 8158K, capacity 8521K, committed 8576K, reserved 1048576K
}

